<?xml version="1.0" encoding="UTF-8"?>
<testng-results ignored="1" total="7" passed="6" failed="0" skipped="0">
  <reporter-output>
  </reporter-output>
  <suite started-at="2025-05-17T15:01:34 IST" name="Opencart App Test Regression Suite" finished-at="2025-05-17T15:01:42 IST" duration-ms="7719">
    <groups>
    </groups>
    <test started-at="2025-05-17T15:01:34 IST" name="Login Page Test_chrome" finished-at="2025-05-17T15:01:41 IST" duration-ms="7478">
      <class name="com.qa.opencart.tests.LoginPageTest">
        <test-method is-config="true" signature="setup(java.lang.String)[pri:0, instance:com.qa.opencart.tests.LoginPageTest@58a84a12]" started-at="2025-05-17T15:01:34 IST" name="setup" finished-at="2025-05-17T15:01:40 IST" duration-ms="5643" status="PASS">
          <params>
            <param index="0">
              <value>
                <![CDATA[chrome]]>
              </value>
            </param>
          </params>
          <reporter-output>
          </reporter-output>
        </test-method> <!-- setup -->
        <test-method signature="forgotPwdLinkExistTest()[pri:0, instance:com.qa.opencart.tests.LoginPageTest@58a84a12]" started-at="2025-05-17T15:01:40 IST" name="forgotPwdLinkExistTest" description="forgotPwdLinkExistTest" finished-at="2025-05-17T15:01:40 IST" duration-ms="111" status="PASS">
          <reporter-output>
          </reporter-output>
        </test-method> <!-- forgotPwdLinkExistTest -->
        <test-method is-config="true" signature="attachScreenshot(org.testng.ITestResult)[pri:0, instance:com.qa.opencart.tests.LoginPageTest@58a84a12]" started-at="2025-05-17T15:01:40 IST" name="attachScreenshot" finished-at="2025-05-17T15:01:40 IST" duration-ms="3" status="PASS">
          <params>
            <param index="0">
              <value>
                <![CDATA[[TestResult name=forgotPwdLinkExistTest status=SUCCESS method=LoginPageTest.forgotPwdLinkExistTest()[pri:0, instance:com.qa.opencart.tests.LoginPageTest@58a84a12] output={null}]]]>
              </value>
            </param>
          </params>
          <reporter-output>
          </reporter-output>
        </test-method> <!-- attachScreenshot -->
        <test-method signature="loginPageTitleTest()[pri:0, instance:com.qa.opencart.tests.LoginPageTest@58a84a12]" started-at="2025-05-17T15:01:40 IST" name="loginPageTitleTest" description="checking login title" finished-at="2025-05-17T15:01:40 IST" duration-ms="54" status="PASS">
          <reporter-output>
          </reporter-output>
        </test-method> <!-- loginPageTitleTest -->
        <test-method is-config="true" signature="attachScreenshot(org.testng.ITestResult)[pri:0, instance:com.qa.opencart.tests.LoginPageTest@58a84a12]" started-at="2025-05-17T15:01:40 IST" name="attachScreenshot" finished-at="2025-05-17T15:01:40 IST" duration-ms="2" status="PASS">
          <params>
            <param index="0">
              <value>
                <![CDATA[[TestResult name=loginPageTitleTest status=SUCCESS method=LoginPageTest.loginPageTitleTest()[pri:0, instance:com.qa.opencart.tests.LoginPageTest@58a84a12] output={null}]]]>
              </value>
            </param>
          </params>
          <reporter-output>
          </reporter-output>
        </test-method> <!-- attachScreenshot -->
        <test-method signature="loginPageURLTest()[pri:0, instance:com.qa.opencart.tests.LoginPageTest@58a84a12]" started-at="2025-05-17T15:01:40 IST" name="loginPageURLTest" description="checking login page url" finished-at="2025-05-17T15:01:40 IST" duration-ms="31" status="PASS">
          <reporter-output>
          </reporter-output>
        </test-method> <!-- loginPageURLTest -->
        <test-method is-config="true" signature="attachScreenshot(org.testng.ITestResult)[pri:0, instance:com.qa.opencart.tests.LoginPageTest@58a84a12]" started-at="2025-05-17T15:01:40 IST" name="attachScreenshot" finished-at="2025-05-17T15:01:40 IST" duration-ms="1" status="PASS">
          <params>
            <param index="0">
              <value>
                <![CDATA[[TestResult name=loginPageURLTest status=SUCCESS method=LoginPageTest.loginPageURLTest()[pri:0, instance:com.qa.opencart.tests.LoginPageTest@58a84a12] output={null}]]]>
              </value>
            </param>
          </params>
          <reporter-output>
          </reporter-output>
        </test-method> <!-- attachScreenshot -->
        <test-method signature="doLoginTest()[pri:32767, instance:com.qa.opencart.tests.LoginPageTest@58a84a12]" started-at="2025-05-17T15:01:40 IST" name="doLoginTest" description="login with valid credentials" finished-at="2025-05-17T15:01:41 IST" duration-ms="991" status="PASS">
          <reporter-output>
          </reporter-output>
        </test-method> <!-- doLoginTest -->
        <test-method is-config="true" signature="attachScreenshot(org.testng.ITestResult)[pri:0, instance:com.qa.opencart.tests.LoginPageTest@58a84a12]" started-at="2025-05-17T15:01:41 IST" name="attachScreenshot" finished-at="2025-05-17T15:01:41 IST" duration-ms="0" status="PASS">
          <params>
            <param index="0">
              <value>
                <![CDATA[[TestResult name=doLoginTest status=SUCCESS method=LoginPageTest.doLoginTest()[pri:32767, instance:com.qa.opencart.tests.LoginPageTest@58a84a12] output={null}]]]>
              </value>
            </param>
          </params>
          <reporter-output>
          </reporter-output>
        </test-method> <!-- attachScreenshot -->
        <test-method is-config="true" signature="tearDown()[pri:0, instance:com.qa.opencart.tests.LoginPageTest@58a84a12]" started-at="2025-05-17T15:01:41 IST" name="tearDown" finished-at="2025-05-17T15:01:41 IST" duration-ms="187" status="PASS">
          <reporter-output>
          </reporter-output>
        </test-method> <!-- tearDown -->
      </class> <!-- com.qa.opencart.tests.LoginPageTest -->
    </test> <!-- Login Page Test_chrome -->
    <test started-at="2025-05-17T15:01:34 IST" name="Accounts Page Test_chrome" finished-at="2025-05-17T15:01:42 IST" duration-ms="7719">
      <class name="com.qa.opencart.tests.AccountsPageTest">
        <test-method is-config="true" signature="setup(java.lang.String)[pri:0, instance:com.qa.opencart.tests.AccountsPageTest@6f5d0190]" started-at="2025-05-17T15:01:34 IST" name="setup" finished-at="2025-05-17T15:01:40 IST" duration-ms="5829" status="PASS">
          <params>
            <param index="0">
              <value>
                <![CDATA[chrome]]>
              </value>
            </param>
          </params>
          <reporter-output>
          </reporter-output>
        </test-method> <!-- setup -->
        <test-method is-config="true" signature="accPageSetup()[pri:0, instance:com.qa.opencart.tests.AccountsPageTest@6f5d0190]" started-at="2025-05-17T15:01:40 IST" name="accPageSetup" finished-at="2025-05-17T15:01:41 IST" duration-ms="640" status="PASS">
          <reporter-output>
          </reporter-output>
        </test-method> <!-- accPageSetup -->
        <test-method signature="accPageTitleTest()[pri:0, instance:com.qa.opencart.tests.AccountsPageTest@6f5d0190]" started-at="2025-05-17T15:01:41 IST" name="accPageTitleTest" finished-at="2025-05-17T15:01:41 IST" duration-ms="917" status="PASS">
          <reporter-output>
          </reporter-output>
        </test-method> <!-- accPageTitleTest -->
        <test-method is-config="true" signature="attachScreenshot(org.testng.ITestResult)[pri:0, instance:com.qa.opencart.tests.AccountsPageTest@6f5d0190]" started-at="2025-05-17T15:01:41 IST" name="attachScreenshot" finished-at="2025-05-17T15:01:41 IST" duration-ms="1" status="PASS">
          <params>
            <param index="0">
              <value>
                <![CDATA[[TestResult name=accPageTitleTest status=SUCCESS method=AccountsPageTest.accPageTitleTest()[pri:0, instance:com.qa.opencart.tests.AccountsPageTest@6f5d0190] output={null}]]]>
              </value>
            </param>
          </params>
          <reporter-output>
          </reporter-output>
        </test-method> <!-- attachScreenshot -->
        <test-method signature="accPageURLTest()[pri:0, instance:com.qa.opencart.tests.AccountsPageTest@6f5d0190]" started-at="2025-05-17T15:01:41 IST" name="accPageURLTest" finished-at="2025-05-17T15:01:42 IST" duration-ms="34" status="PASS">
          <reporter-output>
          </reporter-output>
        </test-method> <!-- accPageURLTest -->
        <test-method is-config="true" signature="attachScreenshot(org.testng.ITestResult)[pri:0, instance:com.qa.opencart.tests.AccountsPageTest@6f5d0190]" started-at="2025-05-17T15:01:42 IST" name="attachScreenshot" finished-at="2025-05-17T15:01:42 IST" duration-ms="0" status="PASS">
          <params>
            <param index="0">
              <value>
                <![CDATA[[TestResult name=accPageURLTest status=SUCCESS method=AccountsPageTest.accPageURLTest()[pri:0, instance:com.qa.opencart.tests.AccountsPageTest@6f5d0190] output={null}]]]>
              </value>
            </param>
          </params>
          <reporter-output>
          </reporter-output>
        </test-method> <!-- attachScreenshot -->
        <test-method is-config="true" signature="tearDown()[pri:0, instance:com.qa.opencart.tests.AccountsPageTest@6f5d0190]" started-at="2025-05-17T15:01:42 IST" name="tearDown" finished-at="2025-05-17T15:01:42 IST" duration-ms="175" status="PASS">
          <reporter-output>
          </reporter-output>
        </test-method> <!-- tearDown -->
      </class> <!-- com.qa.opencart.tests.AccountsPageTest -->
    </test> <!-- Accounts Page Test_chrome -->
  </suite> <!-- Opencart App Test Regression Suite -->
</testng-results>
