<?xml version="1.0" encoding="UTF-8"?>
<testng-results ignored="1" total="7" passed="6" failed="0" skipped="0">
  <reporter-output>
  </reporter-output>
  <suite started-at="2025-05-17T09:49:12 IST" name="Opencart App Test Regression Suite" finished-at="2025-05-17T09:49:18 IST" duration-ms="6051">
    <groups>
    </groups>
    <test started-at="2025-05-17T09:49:12 IST" name="Accounts Page Test_chrome" finished-at="2025-05-17T09:49:18 IST" duration-ms="5813">
      <class name="com.qa.opencart.tests.AccountsPageTest">
        <test-method is-config="true" signature="setup(java.lang.String)[pri:0, instance:com.qa.opencart.tests.AccountsPageTest@1e5eb20a]" started-at="2025-05-17T09:49:12 IST" name="setup" finished-at="2025-05-17T09:49:16 IST" duration-ms="3913" status="PASS">
          <params>
            <param index="0">
              <value>
                <![CDATA[chrome]]>
              </value>
            </param>
          </params>
          <reporter-output>
          </reporter-output>
        </test-method> <!-- setup -->
        <test-method is-config="true" signature="accPageSetup()[pri:0, instance:com.qa.opencart.tests.AccountsPageTest@1e5eb20a]" started-at="2025-05-17T09:49:16 IST" name="accPageSetup" finished-at="2025-05-17T09:49:18 IST" duration-ms="1458" status="PASS">
          <reporter-output>
          </reporter-output>
        </test-method> <!-- accPageSetup -->
        <test-method signature="accPageTitleTest()[pri:0, instance:com.qa.opencart.tests.AccountsPageTest@1e5eb20a]" started-at="2025-05-17T09:49:18 IST" name="accPageTitleTest" finished-at="2025-05-17T09:49:18 IST" duration-ms="29" status="PASS">
          <reporter-output>
          </reporter-output>
        </test-method> <!-- accPageTitleTest -->
        <test-method is-config="true" signature="attachScreenshot(org.testng.ITestResult)[pri:0, instance:com.qa.opencart.tests.AccountsPageTest@1e5eb20a]" started-at="2025-05-17T09:49:18 IST" name="attachScreenshot" finished-at="2025-05-17T09:49:18 IST" duration-ms="0" status="PASS">
          <params>
            <param index="0">
              <value>
                <![CDATA[[TestResult name=accPageTitleTest status=SUCCESS method=AccountsPageTest.accPageTitleTest()[pri:0, instance:com.qa.opencart.tests.AccountsPageTest@1e5eb20a] output={null}]]]>
              </value>
            </param>
          </params>
          <reporter-output>
          </reporter-output>
        </test-method> <!-- attachScreenshot -->
        <test-method signature="accPageURLTest()[pri:0, instance:com.qa.opencart.tests.AccountsPageTest@1e5eb20a]" started-at="2025-05-17T09:49:18 IST" name="accPageURLTest" finished-at="2025-05-17T09:49:18 IST" duration-ms="25" status="PASS">
          <reporter-output>
          </reporter-output>
        </test-method> <!-- accPageURLTest -->
        <test-method is-config="true" signature="attachScreenshot(org.testng.ITestResult)[pri:0, instance:com.qa.opencart.tests.AccountsPageTest@1e5eb20a]" started-at="2025-05-17T09:49:18 IST" name="attachScreenshot" finished-at="2025-05-17T09:49:18 IST" duration-ms="0" status="PASS">
          <params>
            <param index="0">
              <value>
                <![CDATA[[TestResult name=accPageURLTest status=SUCCESS method=AccountsPageTest.accPageURLTest()[pri:0, instance:com.qa.opencart.tests.AccountsPageTest@1e5eb20a] output={null}]]]>
              </value>
            </param>
          </params>
          <reporter-output>
          </reporter-output>
        </test-method> <!-- attachScreenshot -->
        <test-method is-config="true" signature="tearDown()[pri:0, instance:com.qa.opencart.tests.AccountsPageTest@1e5eb20a]" started-at="2025-05-17T09:49:18 IST" name="tearDown" finished-at="2025-05-17T09:49:18 IST" duration-ms="262" status="PASS">
          <reporter-output>
          </reporter-output>
        </test-method> <!-- tearDown -->
      </class> <!-- com.qa.opencart.tests.AccountsPageTest -->
    </test> <!-- Accounts Page Test_chrome -->
    <test started-at="2025-05-17T09:49:12 IST" name="Login Page Test_chrome" finished-at="2025-05-17T09:49:18 IST" duration-ms="6051">
      <class name="com.qa.opencart.tests.LoginPageTest">
        <test-method is-config="true" signature="setup(java.lang.String)[pri:0, instance:com.qa.opencart.tests.LoginPageTest@65ef48f2]" started-at="2025-05-17T09:49:13 IST" name="setup" finished-at="2025-05-17T09:49:16 IST" duration-ms="3618" status="PASS">
          <params>
            <param index="0">
              <value>
                <![CDATA[chrome]]>
              </value>
            </param>
          </params>
          <reporter-output>
          </reporter-output>
        </test-method> <!-- setup -->
        <test-method signature="forgotPwdLinkExistTest()[pri:0, instance:com.qa.opencart.tests.LoginPageTest@65ef48f2]" started-at="2025-05-17T09:49:16 IST" name="forgotPwdLinkExistTest" description="forgotPwdLinkExistTest" finished-at="2025-05-17T09:49:17 IST" duration-ms="157" status="PASS">
          <reporter-output>
          </reporter-output>
        </test-method> <!-- forgotPwdLinkExistTest -->
        <test-method is-config="true" signature="attachScreenshot(org.testng.ITestResult)[pri:0, instance:com.qa.opencart.tests.LoginPageTest@65ef48f2]" started-at="2025-05-17T09:49:17 IST" name="attachScreenshot" finished-at="2025-05-17T09:49:17 IST" duration-ms="4" status="PASS">
          <params>
            <param index="0">
              <value>
                <![CDATA[[TestResult name=forgotPwdLinkExistTest status=SUCCESS method=LoginPageTest.forgotPwdLinkExistTest()[pri:0, instance:com.qa.opencart.tests.LoginPageTest@65ef48f2] output={null}]]]>
              </value>
            </param>
          </params>
          <reporter-output>
          </reporter-output>
        </test-method> <!-- attachScreenshot -->
        <test-method signature="loginPageTitleTest()[pri:0, instance:com.qa.opencart.tests.LoginPageTest@65ef48f2]" started-at="2025-05-17T09:49:17 IST" name="loginPageTitleTest" description="checking login title" finished-at="2025-05-17T09:49:17 IST" duration-ms="67" status="PASS">
          <reporter-output>
          </reporter-output>
        </test-method> <!-- loginPageTitleTest -->
        <test-method is-config="true" signature="attachScreenshot(org.testng.ITestResult)[pri:0, instance:com.qa.opencart.tests.LoginPageTest@65ef48f2]" started-at="2025-05-17T09:49:17 IST" name="attachScreenshot" finished-at="2025-05-17T09:49:17 IST" duration-ms="1" status="PASS">
          <params>
            <param index="0">
              <value>
                <![CDATA[[TestResult name=loginPageTitleTest status=SUCCESS method=LoginPageTest.loginPageTitleTest()[pri:0, instance:com.qa.opencart.tests.LoginPageTest@65ef48f2] output={null}]]]>
              </value>
            </param>
          </params>
          <reporter-output>
          </reporter-output>
        </test-method> <!-- attachScreenshot -->
        <test-method signature="loginPageURLTest()[pri:0, instance:com.qa.opencart.tests.LoginPageTest@65ef48f2]" started-at="2025-05-17T09:49:17 IST" name="loginPageURLTest" description="checking login page url" finished-at="2025-05-17T09:49:17 IST" duration-ms="38" status="PASS">
          <reporter-output>
          </reporter-output>
        </test-method> <!-- loginPageURLTest -->
        <test-method is-config="true" signature="attachScreenshot(org.testng.ITestResult)[pri:0, instance:com.qa.opencart.tests.LoginPageTest@65ef48f2]" started-at="2025-05-17T09:49:17 IST" name="attachScreenshot" finished-at="2025-05-17T09:49:17 IST" duration-ms="2" status="PASS">
          <params>
            <param index="0">
              <value>
                <![CDATA[[TestResult name=loginPageURLTest status=SUCCESS method=LoginPageTest.loginPageURLTest()[pri:0, instance:com.qa.opencart.tests.LoginPageTest@65ef48f2] output={null}]]]>
              </value>
            </param>
          </params>
          <reporter-output>
          </reporter-output>
        </test-method> <!-- attachScreenshot -->
        <test-method signature="doLoginTest()[pri:32767, instance:com.qa.opencart.tests.LoginPageTest@65ef48f2]" started-at="2025-05-17T09:49:17 IST" name="doLoginTest" description="login with valid credentials" finished-at="2025-05-17T09:49:18 IST" duration-ms="1423" status="PASS">
          <reporter-output>
          </reporter-output>
        </test-method> <!-- doLoginTest -->
        <test-method is-config="true" signature="attachScreenshot(org.testng.ITestResult)[pri:0, instance:com.qa.opencart.tests.LoginPageTest@65ef48f2]" started-at="2025-05-17T09:49:18 IST" name="attachScreenshot" finished-at="2025-05-17T09:49:18 IST" duration-ms="1" status="PASS">
          <params>
            <param index="0">
              <value>
                <![CDATA[[TestResult name=doLoginTest status=SUCCESS method=LoginPageTest.doLoginTest()[pri:32767, instance:com.qa.opencart.tests.LoginPageTest@65ef48f2] output={null}]]]>
              </value>
            </param>
          </params>
          <reporter-output>
          </reporter-output>
        </test-method> <!-- attachScreenshot -->
        <test-method is-config="true" signature="tearDown()[pri:0, instance:com.qa.opencart.tests.LoginPageTest@65ef48f2]" started-at="2025-05-17T09:49:18 IST" name="tearDown" finished-at="2025-05-17T09:49:18 IST" duration-ms="178" status="PASS">
          <reporter-output>
          </reporter-output>
        </test-method> <!-- tearDown -->
      </class> <!-- com.qa.opencart.tests.LoginPageTest -->
    </test> <!-- Login Page Test_chrome -->
  </suite> <!-- Opencart App Test Regression Suite -->
</testng-results>
