<?xml version="1.0" encoding="UTF-8"?>
<!-- Generated by org.testng.reporters.JUnitXMLReporter -->
<testsuite ignored="0" hostname="DESKTOP-LOQ3JTI" failures="0" tests="2" name="Accounts Page Test_chrome" time="7.719" errors="0" timestamp="2025-05-17T15:01:42 IST">
  <testcase classname="com.qa.opencart.tests.AccountsPageTest" name="accPageTitleTest" time="0.917"/>
  <testcase classname="com.qa.opencart.tests.AccountsPageTest" name="accPageURLTest" time="0.034"/>
</testsuite> <!-- Accounts Page Test_chrome -->
