<?xml version="1.0" encoding="UTF-8"?>
<!-- Generated by org.testng.reporters.JUnitXMLReporter -->
<testsuite ignored="1" hostname="DESKTOP-LOQ3JTI" failures="0" tests="4" name="Login Page Test_chrome" time="6.051" errors="0" timestamp="2025-05-17T09:49:18 IST">
  <testcase classname="com.qa.opencart.tests.LoginPageTest" name="forgotPwdLinkExistTest" time="0.157"/>
  <testcase classname="com.qa.opencart.tests.LoginPageTest" name="loginPageTitleTest" time="0.067"/>
  <testcase classname="com.qa.opencart.tests.LoginPageTest" name="loginPageURLTest" time="0.038"/>
  <testcase classname="com.qa.opencart.tests.LoginPageTest" name="doLoginTest" time="1.423"/>
  <testcase classname="com.qa.opencart.tests.LoginPageTest" name="forgotPwd" time="0.0">
    <ignored/>
  </testcase> <!-- forgotPwd -->
</testsuite> <!-- Login Page Test_chrome -->
