<?xml version="1.0" encoding="UTF-8"?>
<!-- Generated by org.testng.reporters.JUnitXMLReporter -->
<testsuite ignored="1" hostname="DESKTOP-LOQ3JTI" failures="0" tests="4" name="Login Page Test_chrome" time="7.478" errors="0" timestamp="2025-05-17T15:01:41 IST">
  <testcase classname="com.qa.opencart.tests.LoginPageTest" name="forgotPwdLinkExistTest" time="0.111"/>
  <testcase classname="com.qa.opencart.tests.LoginPageTest" name="loginPageTitleTest" time="0.054"/>
  <testcase classname="com.qa.opencart.tests.LoginPageTest" name="loginPageURLTest" time="0.031"/>
  <testcase classname="com.qa.opencart.tests.LoginPageTest" name="doLoginTest" time="0.991"/>
  <testcase classname="com.qa.opencart.tests.LoginPageTest" name="forgotPwd" time="0.0">
    <ignored/>
  </testcase> <!-- forgotPwd -->
</testsuite> <!-- Login Page Test_chrome -->
